;  LST file generated by mikroListExporter - v.2.0 
; Date/Time: 11-May-22 2:56:48 PM
;----------------------------------------------

;Address Opcode 	ASM
0x0000	0x2A19      	GOTO       537
_Delay_1us:
0x0003	0x0000      	NOP
0x0004	0x0000      	NOP
L_end_Delay_1us:
0x0005	0x0008      	RETURN
; end of _Delay_1us
_Delay_50us:
0x0006	0x3021      	MOVLW      33
0x0007	0x1283      	BCF        STATUS, 5
0x0008	0x1303      	BCF        STATUS, 6
0x0009	0x00FD      	MOVWF      R13
L_Delay_50us2:
0x000A	0x0BFD      	DECFSZ     R13, 1
0x000B	0x280A      	GOTO       L_Delay_50us2
L_end_Delay_50us:
0x000C	0x0008      	RETURN
; end of _Delay_50us
_Delay_5500us:
0x000D	0x300F      	MOVLW      15
0x000E	0x1283      	BCF        STATUS, 5
0x000F	0x1303      	BCF        STATUS, 6
0x0010	0x00FC      	MOVWF      R12
0x0011	0x3047      	MOVLW      71
0x0012	0x00FD      	MOVWF      R13
L_Delay_5500us5:
0x0013	0x0BFD      	DECFSZ     R13, 1
0x0014	0x2813      	GOTO       L_Delay_5500us5
0x0015	0x0BFC      	DECFSZ     R12, 1
0x0016	0x2813      	GOTO       L_Delay_5500us5
0x0017	0x0000      	NOP
0x0018	0x0000      	NOP
L_end_Delay_5500us:
0x0019	0x0008      	RETURN
; end of _Delay_5500us
_Div_16X16_U:
0x001A	0x1283      	BCF        STATUS, 5
0x001B	0x1303      	BCF        STATUS, 6
0x001C	0x01F8      	CLRF       R8
0x001D	0x01F9      	CLRF       R9
0x001E	0x3010      	MOVLW      16
0x001F	0x00FC      	MOVWF      R12
0x0020	0x0D71      	RLF        R1, 0
0x0021	0x0DF8      	RLF        R8, 1
0x0022	0x0DF9      	RLF        R9, 1
0x0023	0x0874      	MOVF       R4, 0
0x0024	0x02F8      	SUBWF      R8, 1
0x0025	0x0875      	MOVF       R5, 0
0x0026	0x1C03      	BTFSS      STATUS, 0
0x0027	0x0F75      	INCFSZ     R5, 0
0x0028	0x02F9      	SUBWF      R9, 1
0x0029	0x1803      	BTFSC      STATUS, 0
0x002A	0x2832      	GOTO       $+8
0x002B	0x0874      	MOVF       R4, 0
0x002C	0x07F8      	ADDWF      R8, 1
0x002D	0x0875      	MOVF       R5, 0
0x002E	0x1803      	BTFSC      STATUS, 0
0x002F	0x0F75      	INCFSZ     R5, 0
0x0030	0x07F9      	ADDWF      R9, 1
0x0031	0x1003      	BCF        STATUS, 0
0x0032	0x0DF0      	RLF        R0, 1
0x0033	0x0DF1      	RLF        R1, 1
0x0034	0x0BFC      	DECFSZ     R12, 1
0x0035	0x2820      	GOTO       $-21
L_end_Div_16X16_U:
0x0036	0x0008      	RETURN
; end of _Div_16X16_U
_Lcd_Cmd:
0x0037	0x1683      	BSF        STATUS, 5
0x0038	0x1303      	BCF        STATUS, 6
0x0039	0x1BE0      	BTFSC      FARG_Lcd_Cmd_out_char, 7
0x003A	0x283E      	GOTO       L__Lcd_Cmd21
0x003B	0x1283      	BCF        STATUS, 5
0x003C	0x1387      	BCF        LCD_D7, BitPos(LCD_D7+0)
0x003D	0x2840      	GOTO       L__Lcd_Cmd22
L__Lcd_Cmd21:
0x003E	0x1283      	BCF        STATUS, 5
0x003F	0x1787      	BSF        LCD_D7, BitPos(LCD_D7+0)
L__Lcd_Cmd22:
0x0040	0x1683      	BSF        STATUS, 5
0x0041	0x1B60      	BTFSC      FARG_Lcd_Cmd_out_char, 6
0x0042	0x2846      	GOTO       L__Lcd_Cmd23
0x0043	0x1283      	BCF        STATUS, 5
0x0044	0x1307      	BCF        LCD_D6, BitPos(LCD_D6+0)
0x0045	0x2848      	GOTO       L__Lcd_Cmd24
L__Lcd_Cmd23:
0x0046	0x1283      	BCF        STATUS, 5
0x0047	0x1707      	BSF        LCD_D6, BitPos(LCD_D6+0)
L__Lcd_Cmd24:
0x0048	0x1683      	BSF        STATUS, 5
0x0049	0x1AE0      	BTFSC      FARG_Lcd_Cmd_out_char, 5
0x004A	0x284E      	GOTO       L__Lcd_Cmd25
0x004B	0x1283      	BCF        STATUS, 5
0x004C	0x1287      	BCF        LCD_D5, BitPos(LCD_D5+0)
0x004D	0x2850      	GOTO       L__Lcd_Cmd26
L__Lcd_Cmd25:
0x004E	0x1283      	BCF        STATUS, 5
0x004F	0x1687      	BSF        LCD_D5, BitPos(LCD_D5+0)
L__Lcd_Cmd26:
0x0050	0x1683      	BSF        STATUS, 5
0x0051	0x1A60      	BTFSC      FARG_Lcd_Cmd_out_char, 4
0x0052	0x2856      	GOTO       L__Lcd_Cmd27
0x0053	0x1283      	BCF        STATUS, 5
0x0054	0x1207      	BCF        LCD_D4, BitPos(LCD_D4+0)
0x0055	0x2858      	GOTO       L__Lcd_Cmd28
L__Lcd_Cmd27:
0x0056	0x1283      	BCF        STATUS, 5
0x0057	0x1607      	BSF        LCD_D4, BitPos(LCD_D4+0)
L__Lcd_Cmd28:
0x0058	0x1683      	BSF        STATUS, 5
0x0059	0x1841      	BTFSC      __Lib_Lcd_cmd_status, BitPos(__Lib_Lcd_cmd_status+0)
0x005A	0x285E      	GOTO       L__Lcd_Cmd29
0x005B	0x1283      	BCF        STATUS, 5
0x005C	0x1507      	BSF        LCD_RS, BitPos(LCD_RS+0)
0x005D	0x2860      	GOTO       L__Lcd_Cmd30
L__Lcd_Cmd29:
0x005E	0x1283      	BCF        STATUS, 5
0x005F	0x1107      	BCF        LCD_RS, BitPos(LCD_RS+0)
L__Lcd_Cmd30:
0x0060	0x1587      	BSF        LCD_EN, BitPos(LCD_EN+0)
0x0061	0x2003      	CALL       _Delay_1us
0x0062	0x1187      	BCF        LCD_EN, BitPos(LCD_EN+0)
0x0063	0x1683      	BSF        STATUS, 5
0x0064	0x19E0      	BTFSC      FARG_Lcd_Cmd_out_char, 3
0x0065	0x2869      	GOTO       L__Lcd_Cmd31
0x0066	0x1283      	BCF        STATUS, 5
0x0067	0x1387      	BCF        LCD_D7, BitPos(LCD_D7+0)
0x0068	0x286B      	GOTO       L__Lcd_Cmd32
L__Lcd_Cmd31:
0x0069	0x1283      	BCF        STATUS, 5
0x006A	0x1787      	BSF        LCD_D7, BitPos(LCD_D7+0)
L__Lcd_Cmd32:
0x006B	0x1683      	BSF        STATUS, 5
0x006C	0x1960      	BTFSC      FARG_Lcd_Cmd_out_char, 2
0x006D	0x2871      	GOTO       L__Lcd_Cmd33
0x006E	0x1283      	BCF        STATUS, 5
0x006F	0x1307      	BCF        LCD_D6, BitPos(LCD_D6+0)
0x0070	0x2873      	GOTO       L__Lcd_Cmd34
L__Lcd_Cmd33:
0x0071	0x1283      	BCF        STATUS, 5
0x0072	0x1707      	BSF        LCD_D6, BitPos(LCD_D6+0)
L__Lcd_Cmd34:
0x0073	0x1683      	BSF        STATUS, 5
0x0074	0x18E0      	BTFSC      FARG_Lcd_Cmd_out_char, 1
0x0075	0x2879      	GOTO       L__Lcd_Cmd35
0x0076	0x1283      	BCF        STATUS, 5
0x0077	0x1287      	BCF        LCD_D5, BitPos(LCD_D5+0)
0x0078	0x287B      	GOTO       L__Lcd_Cmd36
L__Lcd_Cmd35:
0x0079	0x1283      	BCF        STATUS, 5
0x007A	0x1687      	BSF        LCD_D5, BitPos(LCD_D5+0)
L__Lcd_Cmd36:
0x007B	0x1683      	BSF        STATUS, 5
0x007C	0x1860      	BTFSC      FARG_Lcd_Cmd_out_char, 0
0x007D	0x2881      	GOTO       L__Lcd_Cmd37
0x007E	0x1283      	BCF        STATUS, 5
0x007F	0x1207      	BCF        LCD_D4, BitPos(LCD_D4+0)
0x0080	0x2883      	GOTO       L__Lcd_Cmd38
L__Lcd_Cmd37:
0x0081	0x1283      	BCF        STATUS, 5
0x0082	0x1607      	BSF        LCD_D4, BitPos(LCD_D4+0)
L__Lcd_Cmd38:
0x0083	0x1683      	BSF        STATUS, 5
0x0084	0x1841      	BTFSC      __Lib_Lcd_cmd_status, BitPos(__Lib_Lcd_cmd_status+0)
0x0085	0x2889      	GOTO       L__Lcd_Cmd39
0x0086	0x1283      	BCF        STATUS, 5
0x0087	0x1507      	BSF        LCD_RS, BitPos(LCD_RS+0)
0x0088	0x288B      	GOTO       L__Lcd_Cmd40
L__Lcd_Cmd39:
0x0089	0x1283      	BCF        STATUS, 5
0x008A	0x1107      	BCF        LCD_RS, BitPos(LCD_RS+0)
L__Lcd_Cmd40:
0x008B	0x1587      	BSF        LCD_EN, BitPos(LCD_EN+0)
0x008C	0x2003      	CALL       _Delay_1us
0x008D	0x1187      	BCF        LCD_EN, BitPos(LCD_EN+0)
0x008E	0x1683      	BSF        STATUS, 5
0x008F	0x1C41      	BTFSS      __Lib_Lcd_cmd_status, BitPos(__Lib_Lcd_cmd_status+0)
0x0090	0x2893      	GOTO       L_Lcd_Cmd0
0x0091	0x200D      	CALL       _Delay_5500us
0x0092	0x2894      	GOTO       L_Lcd_Cmd1
L_Lcd_Cmd0:
0x0093	0x2006      	CALL       _Delay_50us
L_Lcd_Cmd1:
L_end_Lcd_Cmd:
0x0094	0x0008      	RETURN
; end of _Lcd_Cmd
_____DoICP:
0x0095	0x1683      	BSF        STATUS, 5
0x0096	0x1303      	BCF        STATUS, 6
0x0097	0x0851      	MOVF       ___DoICPAddr+1, 0
0x0098	0x008A      	MOVWF      PCLATH
0x0099	0x0850      	MOVF       ___DoICPAddr, 0
0x009A	0x0082      	MOVWF      PCL
L_end_____DoICP:
0x009B	0x0008      	RETURN
; end of _____DoICP
_WordToStr:
0x009C	0x1683      	BSF        STATUS, 5
0x009D	0x1303      	BCF        STATUS, 6
0x009E	0x01DE      	CLRF       WordToStr_len_L0
L_WordToStr11:
0x009F	0x3005      	MOVLW      5
0x00A0	0x025E      	SUBWF      WordToStr_len_L0, 0
0x00A1	0x1803      	BTFSC      STATUS, 0
0x00A2	0x28AA      	GOTO       L_WordToStr12
0x00A3	0x085E      	MOVF       WordToStr_len_L0, 0
0x00A4	0x075D      	ADDWF      FARG_WordToStr_output, 0
0x00A5	0x0084      	MOVWF      FSR
0x00A6	0x3020      	MOVLW      32
0x00A7	0x0080      	MOVWF      INDF
0x00A8	0x0ADE      	INCF       WordToStr_len_L0, 1
0x00A9	0x289F      	GOTO       L_WordToStr11
L_WordToStr12:
0x00AA	0x085E      	MOVF       WordToStr_len_L0, 0
0x00AB	0x075D      	ADDWF      FARG_WordToStr_output, 0
0x00AC	0x0084      	MOVWF      FSR
0x00AD	0x0180      	CLRF       INDF
0x00AE	0x03DE      	DECF       WordToStr_len_L0, 1
L_WordToStr14:
0x00AF	0x085E      	MOVF       WordToStr_len_L0, 0
0x00B0	0x075D      	ADDWF      FARG_WordToStr_output, 0
0x00B1	0x00DF      	MOVWF      FLOC__WordToStr
0x00B2	0x300A      	MOVLW      10
0x00B3	0x00F4      	MOVWF      R4
0x00B4	0x01F5      	CLRF       R4+1
0x00B5	0x085B      	MOVF       FARG_WordToStr_input, 0
0x00B6	0x00F0      	MOVWF      R0
0x00B7	0x085C      	MOVF       FARG_WordToStr_input+1, 0
0x00B8	0x00F1      	MOVWF      R0+1
0x00B9	0x201A      	CALL       _Div_16X16_U
0x00BA	0x0878      	MOVF       R8, 0
0x00BB	0x00F0      	MOVWF      R0
0x00BC	0x0879      	MOVF       R8+1, 0
0x00BD	0x00F1      	MOVWF      R0+1
0x00BE	0x3030      	MOVLW      48
0x00BF	0x07F0      	ADDWF      R0, 1
0x00C0	0x1683      	BSF        STATUS, 5
0x00C1	0x085F      	MOVF       FLOC__WordToStr, 0
0x00C2	0x0084      	MOVWF      FSR
0x00C3	0x0870      	MOVF       R0, 0
0x00C4	0x0080      	MOVWF      INDF
0x00C5	0x300A      	MOVLW      10
0x00C6	0x00F4      	MOVWF      R4
0x00C7	0x01F5      	CLRF       R4+1
0x00C8	0x085B      	MOVF       FARG_WordToStr_input, 0
0x00C9	0x00F0      	MOVWF      R0
0x00CA	0x085C      	MOVF       FARG_WordToStr_input+1, 0
0x00CB	0x00F1      	MOVWF      R0+1
0x00CC	0x201A      	CALL       _Div_16X16_U
0x00CD	0x0870      	MOVF       R0, 0
0x00CE	0x1683      	BSF        STATUS, 5
0x00CF	0x00DB      	MOVWF      FARG_WordToStr_input
0x00D0	0x0871      	MOVF       R0+1, 0
0x00D1	0x00DC      	MOVWF      FARG_WordToStr_input+1
0x00D2	0x3000      	MOVLW      0
0x00D3	0x0671      	XORWF      R0+1, 0
0x00D4	0x1D03      	BTFSS      STATUS, 2
0x00D5	0x28D8      	GOTO       L__WordToStr159
0x00D6	0x3000      	MOVLW      0
0x00D7	0x0670      	XORWF      R0, 0
L__WordToStr159:
0x00D8	0x1D03      	BTFSS      STATUS, 2
0x00D9	0x28DB      	GOTO       L_WordToStr16
0x00DA	0x28DD      	GOTO       L_WordToStr15
L_WordToStr16:
0x00DB	0x03DE      	DECF       WordToStr_len_L0, 1
0x00DC	0x28AF      	GOTO       L_WordToStr14
L_WordToStr15:
L_end_WordToStr:
0x00DD	0x0008      	RETURN
; end of _WordToStr
_Lcd_Chr_CP:
0x00DE	0x1683      	BSF        STATUS, 5
0x00DF	0x1303      	BCF        STATUS, 6
0x00E0	0x1041      	BCF        __Lib_Lcd_cmd_status, BitPos(__Lib_Lcd_cmd_status+0)
0x00E1	0x085B      	MOVF       FARG_Lcd_Chr_CP_out_char, 0
0x00E2	0x00E0      	MOVWF      FARG_Lcd_Cmd_out_char
0x00E3	0x2037      	CALL       _Lcd_Cmd
0x00E4	0x1683      	BSF        STATUS, 5
0x00E5	0x1441      	BSF        __Lib_Lcd_cmd_status, BitPos(__Lib_Lcd_cmd_status+0)
L_end_Lcd_Chr_CP:
0x00E6	0x0008      	RETURN
; end of _Lcd_Chr_CP
_Ltrim:
0x00E7	0x1683      	BSF        STATUS, 5
0x00E8	0x1303      	BCF        STATUS, 6
0x00E9	0x01D3      	CLRF       Ltrim_trimmed_L0
0x00EA	0x01D4      	CLRF       Ltrim_trimmed_L0+1
0x00EB	0x0852      	MOVF       FARG_Ltrim_string, 0
0x00EC	0x00F2      	MOVWF      R2
0x00ED	0x0852      	MOVF       FARG_Ltrim_string, 0
0x00EE	0x00F3      	MOVWF      R3
L_Ltrim84:
0x00EF	0x0872      	MOVF       R2, 0
0x00F0	0x0084      	MOVWF      FSR
0x00F1	0x0800      	MOVF       INDF, 0
0x00F2	0x3A20      	XORLW      32
0x00F3	0x1D03      	BTFSS      STATUS, 2
0x00F4	0x28FA      	GOTO       L__Ltrim147
0x00F5	0x0853      	MOVF       Ltrim_trimmed_L0, 0
0x00F6	0x0454      	IORWF      Ltrim_trimmed_L0+1, 0
0x00F7	0x1D03      	BTFSS      STATUS, 2
0x00F8	0x28FA      	GOTO       L__Ltrim147
0x00F9	0x2907      	GOTO       L_Ltrim89
L__Ltrim147:
0x00FA	0x3001      	MOVLW      1
0x00FB	0x00D3      	MOVWF      Ltrim_trimmed_L0
0x00FC	0x3000      	MOVLW      0
0x00FD	0x00D4      	MOVWF      Ltrim_trimmed_L0+1
0x00FE	0x0872      	MOVF       R2, 0
0x00FF	0x0084      	MOVWF      FSR
0x0100	0x0800      	MOVF       INDF, 0
0x0101	0x00F0      	MOVWF      R0
0x0102	0x0873      	MOVF       R3, 0
0x0103	0x0084      	MOVWF      FSR
0x0104	0x0870      	MOVF       R0, 0
0x0105	0x0080      	MOVWF      INDF
0x0106	0x0AF3      	INCF       R3, 1
L_Ltrim89:
0x0107	0x0872      	MOVF       R2, 0
0x0108	0x00F1      	MOVWF      R1
0x0109	0x0AF2      	INCF       R2, 1
0x010A	0x0871      	MOVF       R1, 0
0x010B	0x0084      	MOVWF      FSR
0x010C	0x0800      	MOVF       INDF, 0
0x010D	0x3A00      	XORLW      0
0x010E	0x1D03      	BTFSS      STATUS, 2
0x010F	0x28EF      	GOTO       L_Ltrim84
0x0110	0x0852      	MOVF       FARG_Ltrim_string, 0
0x0111	0x00F0      	MOVWF      R0
L_end_Ltrim:
0x0112	0x0008      	RETURN
; end of _Ltrim
_Lcd_Out:
0x0113	0x2925      	GOTO       L_Lcd_Out11
L_Lcd_Out13:
0x0114	0x3080      	MOVLW      128
0x0115	0x1683      	BSF        STATUS, 5
0x0116	0x1303      	BCF        STATUS, 6
0x0117	0x00D2      	MOVWF      FARG_Lcd_Out_row
0x0118	0x2938      	GOTO       L_Lcd_Out12
L_Lcd_Out14:
0x0119	0x30C0      	MOVLW      192
0x011A	0x00D2      	MOVWF      FARG_Lcd_Out_row
0x011B	0x2938      	GOTO       L_Lcd_Out12
L_Lcd_Out15:
0x011C	0x3094      	MOVLW      148
0x011D	0x00D2      	MOVWF      FARG_Lcd_Out_row
0x011E	0x2938      	GOTO       L_Lcd_Out12
L_Lcd_Out16:
0x011F	0x30D4      	MOVLW      212
0x0120	0x00D2      	MOVWF      FARG_Lcd_Out_row
0x0121	0x2938      	GOTO       L_Lcd_Out12
L_Lcd_Out17:
0x0122	0x3080      	MOVLW      128
0x0123	0x00D2      	MOVWF      FARG_Lcd_Out_row
0x0124	0x2938      	GOTO       L_Lcd_Out12
L_Lcd_Out11:
0x0125	0x1683      	BSF        STATUS, 5
0x0126	0x1303      	BCF        STATUS, 6
0x0127	0x0852      	MOVF       FARG_Lcd_Out_row, 0
0x0128	0x3A01      	XORLW      1
0x0129	0x1903      	BTFSC      STATUS, 2
0x012A	0x2914      	GOTO       L_Lcd_Out13
0x012B	0x0852      	MOVF       FARG_Lcd_Out_row, 0
0x012C	0x3A02      	XORLW      2
0x012D	0x1903      	BTFSC      STATUS, 2
0x012E	0x2919      	GOTO       L_Lcd_Out14
0x012F	0x0852      	MOVF       FARG_Lcd_Out_row, 0
0x0130	0x3A03      	XORLW      3
0x0131	0x1903      	BTFSC      STATUS, 2
0x0132	0x291C      	GOTO       L_Lcd_Out15
0x0133	0x0852      	MOVF       FARG_Lcd_Out_row, 0
0x0134	0x3A04      	XORLW      4
0x0135	0x1903      	BTFSC      STATUS, 2
0x0136	0x291F      	GOTO       L_Lcd_Out16
0x0137	0x2922      	GOTO       L_Lcd_Out17
L_Lcd_Out12:
0x0138	0x0353      	DECF       FARG_Lcd_Out_column, 0
0x0139	0x00F0      	MOVWF      R0
0x013A	0x0852      	MOVF       FARG_Lcd_Out_row, 0
0x013B	0x07F0      	ADDWF      R0, 1
0x013C	0x0870      	MOVF       R0, 0
0x013D	0x00D2      	MOVWF      FARG_Lcd_Out_row
0x013E	0x0870      	MOVF       R0, 0
0x013F	0x00E0      	MOVWF      FARG_Lcd_Cmd_out_char
0x0140	0x2037      	CALL       _Lcd_Cmd
0x0141	0x1683      	BSF        STATUS, 5
0x0142	0x1041      	BCF        __Lib_Lcd_cmd_status, BitPos(__Lib_Lcd_cmd_status+0)
0x0143	0x01D5      	CLRF       Lcd_Out_i_L0
L_Lcd_Out18:
0x0144	0x0855      	MOVF       Lcd_Out_i_L0, 0
0x0145	0x0754      	ADDWF      FARG_Lcd_Out_text, 0
0x0146	0x0084      	MOVWF      FSR
0x0147	0x0800      	MOVF       INDF, 0
0x0148	0x1903      	BTFSC      STATUS, 2
0x0149	0x2952      	GOTO       L_Lcd_Out19
0x014A	0x0855      	MOVF       Lcd_Out_i_L0, 0
0x014B	0x0754      	ADDWF      FARG_Lcd_Out_text, 0
0x014C	0x0084      	MOVWF      FSR
0x014D	0x0800      	MOVF       INDF, 0
0x014E	0x00DB      	MOVWF      FARG_Lcd_Chr_CP_out_char
0x014F	0x20DE      	CALL       _Lcd_Chr_CP
0x0150	0x0AD5      	INCF       Lcd_Out_i_L0, 1
0x0151	0x2944      	GOTO       L_Lcd_Out18
L_Lcd_Out19:
0x0152	0x1441      	BSF        __Lib_Lcd_cmd_status, BitPos(__Lib_Lcd_cmd_status+0)
L_end_Lcd_Out:
0x0153	0x0008      	RETURN
; end of _Lcd_Out
_IntToStr:
0x0154	0x1683      	BSF        STATUS, 5
0x0155	0x1303      	BCF        STATUS, 6
0x0156	0x01D7      	CLRF       IntToStr_negative_L0
0x0157	0x01D8      	CLRF       IntToStr_negative_L0+1
0x0158	0x0852      	MOVF       FARG_IntToStr_input, 0
0x0159	0x00D9      	MOVWF      IntToStr_inword_L0
0x015A	0x0853      	MOVF       FARG_IntToStr_input+1, 0
0x015B	0x00DA      	MOVWF      IntToStr_inword_L0+1
0x015C	0x3080      	MOVLW      128
0x015D	0x0653      	XORWF      FARG_IntToStr_input+1, 0
0x015E	0x00F0      	MOVWF      R0
0x015F	0x3080      	MOVLW      128
0x0160	0x0270      	SUBWF      R0, 0
0x0161	0x1D03      	BTFSS      STATUS, 2
0x0162	0x2965      	GOTO       L__IntToStr167
0x0163	0x3000      	MOVLW      0
0x0164	0x0252      	SUBWF      FARG_IntToStr_input, 0
L__IntToStr167:
0x0165	0x1803      	BTFSC      STATUS, 0
0x0166	0x2973      	GOTO       L_IntToStr37
0x0167	0x3001      	MOVLW      1
0x0168	0x00D7      	MOVWF      IntToStr_negative_L0
0x0169	0x3000      	MOVLW      0
0x016A	0x00D8      	MOVWF      IntToStr_negative_L0+1
0x016B	0x0852      	MOVF       FARG_IntToStr_input, 0
0x016C	0x3C00      	SUBLW      0
0x016D	0x00D9      	MOVWF      IntToStr_inword_L0
0x016E	0x0853      	MOVF       FARG_IntToStr_input+1, 0
0x016F	0x1C03      	BTFSS      STATUS, 0
0x0170	0x3E01      	ADDLW      1
0x0171	0x01DA      	CLRF       IntToStr_inword_L0+1
0x0172	0x02DA      	SUBWF      IntToStr_inword_L0+1, 1
L_IntToStr37:
0x0173	0x0859      	MOVF       IntToStr_inword_L0, 0
0x0174	0x00DB      	MOVWF      FARG_WordToStr_input
0x0175	0x085A      	MOVF       IntToStr_inword_L0+1, 0
0x0176	0x00DC      	MOVWF      FARG_WordToStr_input+1
0x0177	0x0854      	MOVF       FARG_IntToStr_output, 0
0x0178	0x00DD      	MOVWF      FARG_WordToStr_output
0x0179	0x209C      	CALL       _WordToStr
0x017A	0x3006      	MOVLW      6
0x017B	0x00D5      	MOVWF      IntToStr_i_L0
0x017C	0x3000      	MOVLW      0
0x017D	0x00D6      	MOVWF      IntToStr_i_L0+1
L_IntToStr38:
0x017E	0x0856      	MOVF       IntToStr_i_L0+1, 0
0x017F	0x3C00      	SUBLW      0
0x0180	0x1D03      	BTFSS      STATUS, 2
0x0181	0x2984      	GOTO       L__IntToStr168
0x0182	0x0855      	MOVF       IntToStr_i_L0, 0
0x0183	0x3C00      	SUBLW      0
L__IntToStr168:
0x0184	0x1803      	BTFSC      STATUS, 0
0x0185	0x299F      	GOTO       L_IntToStr39
0x0186	0x0855      	MOVF       IntToStr_i_L0, 0
0x0187	0x0754      	ADDWF      FARG_IntToStr_output, 0
0x0188	0x00F2      	MOVWF      R2
0x0189	0x3001      	MOVLW      1
0x018A	0x0255      	SUBWF      IntToStr_i_L0, 0
0x018B	0x00F0      	MOVWF      R0
0x018C	0x3000      	MOVLW      0
0x018D	0x1C03      	BTFSS      STATUS, 0
0x018E	0x3E01      	ADDLW      1
0x018F	0x0256      	SUBWF      IntToStr_i_L0+1, 0
0x0190	0x00F1      	MOVWF      R0+1
0x0191	0x0870      	MOVF       R0, 0
0x0192	0x0754      	ADDWF      FARG_IntToStr_output, 0
0x0193	0x0084      	MOVWF      FSR
0x0194	0x0800      	MOVF       INDF, 0
0x0195	0x00F0      	MOVWF      R0
0x0196	0x0872      	MOVF       R2, 0
0x0197	0x0084      	MOVWF      FSR
0x0198	0x0870      	MOVF       R0, 0
0x0199	0x0080      	MOVWF      INDF
0x019A	0x3001      	MOVLW      1
0x019B	0x02D5      	SUBWF      IntToStr_i_L0, 1
0x019C	0x1C03      	BTFSS      STATUS, 0
0x019D	0x03D6      	DECF       IntToStr_i_L0+1, 1
0x019E	0x297E      	GOTO       L_IntToStr38
L_IntToStr39:
0x019F	0x0854      	MOVF       FARG_IntToStr_output, 0
0x01A0	0x0084      	MOVWF      FSR
0x01A1	0x3020      	MOVLW      32
0x01A2	0x0080      	MOVWF      INDF
0x01A3	0x0857      	MOVF       IntToStr_negative_L0, 0
0x01A4	0x0458      	IORWF      IntToStr_negative_L0+1, 0
0x01A5	0x1903      	BTFSC      STATUS, 2
0x01A6	0x29BD      	GOTO       L_IntToStr40
0x01A7	0x01D5      	CLRF       IntToStr_i_L0
0x01A8	0x01D6      	CLRF       IntToStr_i_L0+1
L_IntToStr41:
0x01A9	0x0855      	MOVF       IntToStr_i_L0, 0
0x01AA	0x0754      	ADDWF      FARG_IntToStr_output, 0
0x01AB	0x0084      	MOVWF      FSR
0x01AC	0x0800      	MOVF       INDF, 0
0x01AD	0x3A20      	XORLW      32
0x01AE	0x1D03      	BTFSS      STATUS, 2
0x01AF	0x29B4      	GOTO       L_IntToStr42
0x01B0	0x0AD5      	INCF       IntToStr_i_L0, 1
0x01B1	0x1903      	BTFSC      STATUS, 2
0x01B2	0x0AD6      	INCF       IntToStr_i_L0+1, 1
0x01B3	0x29A9      	GOTO       L_IntToStr41
L_IntToStr42:
0x01B4	0x3001      	MOVLW      1
0x01B5	0x02D5      	SUBWF      IntToStr_i_L0, 1
0x01B6	0x1C03      	BTFSS      STATUS, 0
0x01B7	0x03D6      	DECF       IntToStr_i_L0+1, 1
0x01B8	0x0855      	MOVF       IntToStr_i_L0, 0
0x01B9	0x0754      	ADDWF      FARG_IntToStr_output, 0
0x01BA	0x0084      	MOVWF      FSR
0x01BB	0x302D      	MOVLW      45
0x01BC	0x0080      	MOVWF      INDF
L_IntToStr40:
L_end_IntToStr:
0x01BD	0x0008      	RETURN
; end of _IntToStr
_Lcd_Init:
0x01BE	0x1683      	BSF        STATUS, 5
0x01BF	0x1303      	BCF        STATUS, 6
0x01C0	0x1187      	BCF        LCD_EN_Direction, BitPos(LCD_EN_Direction+0)
0x01C1	0x1107      	BCF        LCD_RS_Direction, BitPos(LCD_RS_Direction+0)
0x01C2	0x1207      	BCF        LCD_D4_Direction, BitPos(LCD_D4_Direction+0)
0x01C3	0x1287      	BCF        LCD_D5_Direction, BitPos(LCD_D5_Direction+0)
0x01C4	0x1307      	BCF        LCD_D6_Direction, BitPos(LCD_D6_Direction+0)
0x01C5	0x1387      	BCF        LCD_D7_Direction, BitPos(LCD_D7_Direction+0)
0x01C6	0x1283      	BCF        STATUS, 5
0x01C7	0x1187      	BCF        LCD_EN, BitPos(LCD_EN+0)
0x01C8	0x1107      	BCF        LCD_RS, BitPos(LCD_RS+0)
0x01C9	0x1387      	BCF        LCD_D7, BitPos(LCD_D7+0)
0x01CA	0x1307      	BCF        LCD_D6, BitPos(LCD_D6+0)
0x01CB	0x1287      	BCF        LCD_D5, BitPos(LCD_D5+0)
0x01CC	0x1207      	BCF        LCD_D4, BitPos(LCD_D4+0)
0x01CD	0x200D      	CALL       _Delay_5500us
0x01CE	0x200D      	CALL       _Delay_5500us
0x01CF	0x200D      	CALL       _Delay_5500us
0x01D0	0x1687      	BSF        LCD_D5, BitPos(LCD_D5+0)
0x01D1	0x1607      	BSF        LCD_D4, BitPos(LCD_D4+0)
0x01D2	0x1587      	BSF        LCD_EN, BitPos(LCD_EN+0)
0x01D3	0x2003      	CALL       _Delay_1us
0x01D4	0x1187      	BCF        LCD_EN, BitPos(LCD_EN+0)
0x01D5	0x200D      	CALL       _Delay_5500us
0x01D6	0x1587      	BSF        LCD_EN, BitPos(LCD_EN+0)
0x01D7	0x2003      	CALL       _Delay_1us
0x01D8	0x1187      	BCF        LCD_EN, BitPos(LCD_EN+0)
0x01D9	0x200D      	CALL       _Delay_5500us
0x01DA	0x1587      	BSF        LCD_EN, BitPos(LCD_EN+0)
0x01DB	0x2003      	CALL       _Delay_1us
0x01DC	0x1187      	BCF        LCD_EN, BitPos(LCD_EN+0)
0x01DD	0x200D      	CALL       _Delay_5500us
0x01DE	0x1207      	BCF        LCD_D4, BitPos(LCD_D4+0)
0x01DF	0x1587      	BSF        LCD_EN, BitPos(LCD_EN+0)
0x01E0	0x2003      	CALL       _Delay_1us
0x01E1	0x1187      	BCF        LCD_EN, BitPos(LCD_EN+0)
0x01E2	0x200D      	CALL       _Delay_5500us
0x01E3	0x1587      	BSF        LCD_EN, BitPos(LCD_EN+0)
0x01E4	0x2003      	CALL       _Delay_1us
0x01E5	0x1187      	BCF        LCD_EN, BitPos(LCD_EN+0)
0x01E6	0x1287      	BCF        LCD_D5, BitPos(LCD_D5+0)
0x01E7	0x1787      	BSF        LCD_D7, BitPos(LCD_D7+0)
0x01E8	0x1587      	BSF        LCD_EN, BitPos(LCD_EN+0)
0x01E9	0x2003      	CALL       _Delay_1us
0x01EA	0x1187      	BCF        LCD_EN, BitPos(LCD_EN+0)
0x01EB	0x200D      	CALL       _Delay_5500us
0x01EC	0x1387      	BCF        LCD_D7, BitPos(LCD_D7+0)
0x01ED	0x1607      	BSF        LCD_D4, BitPos(LCD_D4+0)
0x01EE	0x1587      	BSF        LCD_EN, BitPos(LCD_EN+0)
0x01EF	0x2003      	CALL       _Delay_1us
0x01F0	0x1187      	BCF        LCD_EN, BitPos(LCD_EN+0)
0x01F1	0x1207      	BCF        LCD_D4, BitPos(LCD_D4+0)
0x01F2	0x1587      	BSF        LCD_EN, BitPos(LCD_EN+0)
0x01F3	0x2003      	CALL       _Delay_1us
0x01F4	0x1187      	BCF        LCD_EN, BitPos(LCD_EN+0)
0x01F5	0x200D      	CALL       _Delay_5500us
0x01F6	0x1587      	BSF        LCD_EN, BitPos(LCD_EN+0)
0x01F7	0x2003      	CALL       _Delay_1us
0x01F8	0x1187      	BCF        LCD_EN, BitPos(LCD_EN+0)
0x01F9	0x1607      	BSF        LCD_D4, BitPos(LCD_D4+0)
0x01FA	0x1587      	BSF        LCD_EN, BitPos(LCD_EN+0)
0x01FB	0x2003      	CALL       _Delay_1us
0x01FC	0x1187      	BCF        LCD_EN, BitPos(LCD_EN+0)
0x01FD	0x200D      	CALL       _Delay_5500us
0x01FE	0x1207      	BCF        LCD_D4, BitPos(LCD_D4+0)
0x01FF	0x1587      	BSF        LCD_EN, BitPos(LCD_EN+0)
0x0200	0x2003      	CALL       _Delay_1us
0x0201	0x1187      	BCF        LCD_EN, BitPos(LCD_EN+0)
0x0202	0x1787      	BSF        LCD_D7, BitPos(LCD_D7+0)
0x0203	0x1707      	BSF        LCD_D6, BitPos(LCD_D6+0)
0x0204	0x1687      	BSF        LCD_D5, BitPos(LCD_D5+0)
0x0205	0x1607      	BSF        LCD_D4, BitPos(LCD_D4+0)
0x0206	0x1587      	BSF        LCD_EN, BitPos(LCD_EN+0)
0x0207	0x2003      	CALL       _Delay_1us
0x0208	0x1187      	BCF        LCD_EN, BitPos(LCD_EN+0)
0x0209	0x200D      	CALL       _Delay_5500us
0x020A	0x1683      	BSF        STATUS, 5
0x020B	0x1441      	BSF        __Lib_Lcd_cmd_status, BitPos(__Lib_Lcd_cmd_status+0)
L_end_Lcd_Init:
0x020C	0x0008      	RETURN
; end of _Lcd_Init
___CC2DW:
_CC2D_Loop1:
0x020D	0x2095      	CALL       _____DoICP
0x020E	0x118A      	BCF        PCLATH, 3
0x020F	0x120A      	BCF        PCLATH, 4
0x0210	0x0080      	MOVWF      INDF
0x0211	0x0A84      	INCF       FSR, 1
0x0212	0x0AD0      	INCF       ___DoICPAddr, 1
0x0213	0x1903      	BTFSC      STATUS, 2
0x0214	0x0AD1      	INCF       ___DoICPAddr+1, 1
0x0215	0x03F0      	DECF       R0, 1
0x0216	0x1D03      	BTFSS      STATUS, 2
0x0217	0x2A0D      	GOTO       _CC2D_Loop1
L_end___CC2DW:
0x0218	0x0008      	RETURN
; end of ___CC2DW
_main:
0x0219	0x242A      	CALL       1066
0x021A	0x21BE      	CALL       _Lcd_Init
0x021B	0x300C      	MOVLW      12
0x021C	0x00E0      	MOVWF      FARG_Lcd_Cmd_out_char
0x021D	0x2037      	CALL       _Lcd_Cmd
0x021E	0x1683      	BSF        STATUS, 5
0x021F	0x1788      	BSF        TRISD, 7
0x0220	0x1708      	BSF        TRISD, 6
0x0221	0x1688      	BSF        TRISD, 5
0x0222	0x3001      	MOVLW      1
0x0223	0x00D2      	MOVWF      FARG_Lcd_Out_row
0x0224	0x3005      	MOVLW      5
0x0225	0x00D3      	MOVWF      FARG_Lcd_Out_column
0x0226	0x3038      	MOVLW      ?lstr1_MyProject
0x0227	0x00D4      	MOVWF      FARG_Lcd_Out_text
0x0228	0x2113      	CALL       _Lcd_Out
0x0229	0x3015      	MOVLW      21
0x022A	0x00FB      	MOVWF      R11
0x022B	0x304B      	MOVLW      75
0x022C	0x00FC      	MOVWF      R12
0x022D	0x30BE      	MOVLW      190
0x022E	0x00FD      	MOVWF      R13
L_main0:
0x022F	0x0BFD      	DECFSZ     R13, 1
0x0230	0x2A2F      	GOTO       L_main0
0x0231	0x0BFC      	DECFSZ     R12, 1
0x0232	0x2A2F      	GOTO       L_main0
0x0233	0x0BFB      	DECFSZ     R11, 1
0x0234	0x2A2F      	GOTO       L_main0
0x0235	0x0000      	NOP
0x0236	0x3001      	MOVLW      1
0x0237	0x00E0      	MOVWF      FARG_Lcd_Cmd_out_char
0x0238	0x2037      	CALL       _Lcd_Cmd
0x0239	0x3001      	MOVLW      1
0x023A	0x1683      	BSF        STATUS, 5
0x023B	0x00D2      	MOVWF      FARG_Lcd_Out_row
0x023C	0x3005      	MOVLW      5
0x023D	0x00D3      	MOVWF      FARG_Lcd_Out_column
0x023E	0x3045      	MOVLW      ?lstr2_MyProject
0x023F	0x00D4      	MOVWF      FARG_Lcd_Out_text
0x0240	0x2113      	CALL       _Lcd_Out
0x0241	0x3002      	MOVLW      2
0x0242	0x00D2      	MOVWF      FARG_Lcd_Out_row
0x0243	0x3005      	MOVLW      5
0x0244	0x00D3      	MOVWF      FARG_Lcd_Out_column
0x0245	0x3042      	MOVLW      ?lstr3_MyProject
0x0246	0x00D4      	MOVWF      FARG_Lcd_Out_text
0x0247	0x2113      	CALL       _Lcd_Out
0x0248	0x3002      	MOVLW      2
0x0249	0x00D2      	MOVWF      FARG_Lcd_Out_row
0x024A	0x3007      	MOVLW      7
0x024B	0x00D3      	MOVWF      FARG_Lcd_Out_column
0x024C	0x3040      	MOVLW      ?lstr4_MyProject
0x024D	0x00D4      	MOVWF      FARG_Lcd_Out_text
0x024E	0x2113      	CALL       _Lcd_Out
0x024F	0x3002      	MOVLW      2
0x0250	0x00D2      	MOVWF      FARG_Lcd_Out_row
0x0251	0x3008      	MOVLW      8
0x0252	0x00D3      	MOVWF      FARG_Lcd_Out_column
0x0253	0x3035      	MOVLW      ?lstr5_MyProject
0x0254	0x00D4      	MOVWF      FARG_Lcd_Out_text
0x0255	0x2113      	CALL       _Lcd_Out
0x0256	0x3002      	MOVLW      2
0x0257	0x00D2      	MOVWF      FARG_Lcd_Out_row
0x0258	0x300A      	MOVLW      10
0x0259	0x00D3      	MOVWF      FARG_Lcd_Out_column
0x025A	0x3025      	MOVLW      ?lstr6_MyProject
0x025B	0x00D4      	MOVWF      FARG_Lcd_Out_text
0x025C	0x2113      	CALL       _Lcd_Out
0x025D	0x3002      	MOVLW      2
0x025E	0x00D2      	MOVWF      FARG_Lcd_Out_row
0x025F	0x300B      	MOVLW      11
0x0260	0x00D3      	MOVWF      FARG_Lcd_Out_column
0x0261	0x3022      	MOVLW      ?lstr7_MyProject
0x0262	0x00D4      	MOVWF      FARG_Lcd_Out_text
0x0263	0x2113      	CALL       _Lcd_Out
L_main1:
0x0264	0x1283      	BCF        STATUS, 5
0x0265	0x1E88      	BTFSS      PORTD, 5
0x0266	0x2B90      	GOTO       L_main3
0x0267	0x3001      	MOVLW      1
0x0268	0x00A0      	MOVWF      _k
0x0269	0x3000      	MOVLW      0
0x026A	0x00A1      	MOVWF      _k+1
L_main4:
0x026B	0x1283      	BCF        STATUS, 5
0x026C	0x0820      	MOVF       _k, 0
0x026D	0x0421      	IORWF      _k+1, 0
0x026E	0x1903      	BTFSC      STATUS, 2
0x026F	0x2B90      	GOTO       L_main5
0x0270	0x0827      	MOVF       _sec, 0
0x0271	0x1683      	BSF        STATUS, 5
0x0272	0x00D2      	MOVWF      FARG_IntToStr_input
0x0273	0x1283      	BCF        STATUS, 5
0x0274	0x0828      	MOVF       _sec+1, 0
0x0275	0x1683      	BSF        STATUS, 5
0x0276	0x00D3      	MOVWF      FARG_IntToStr_input+1
0x0277	0x30BA      	MOVLW      _str
0x0278	0x00D4      	MOVWF      FARG_IntToStr_output
0x0279	0x2154      	CALL       _IntToStr
0x027A	0x30BA      	MOVLW      _str
0x027B	0x00D2      	MOVWF      FARG_Ltrim_string
0x027C	0x20E7      	CALL       _Ltrim
0x027D	0x3001      	MOVLW      1
0x027E	0x00D2      	MOVWF      FARG_Lcd_Out_row
0x027F	0x3005      	MOVLW      5
0x0280	0x00D3      	MOVWF      FARG_Lcd_Out_column
0x0281	0x302B      	MOVLW      ?lstr8_MyProject
0x0282	0x00D4      	MOVWF      FARG_Lcd_Out_text
0x0283	0x2113      	CALL       _Lcd_Out
0x0284	0x3080      	MOVLW      128
0x0285	0x00F0      	MOVWF      R0
0x0286	0x3080      	MOVLW      128
0x0287	0x1283      	BCF        STATUS, 5
0x0288	0x0628      	XORWF      _sec+1, 0
0x0289	0x0270      	SUBWF      R0, 0
0x028A	0x1D03      	BTFSS      STATUS, 2
0x028B	0x2A8E      	GOTO       L__main19
0x028C	0x0827      	MOVF       _sec, 0
0x028D	0x3C09      	SUBLW      9
L__main19:
0x028E	0x1C03      	BTFSS      STATUS, 0
0x028F	0x2A98      	GOTO       L_main6
0x0290	0x3002      	MOVLW      2
0x0291	0x1683      	BSF        STATUS, 5
0x0292	0x00D2      	MOVWF      FARG_Lcd_Out_row
0x0293	0x300C      	MOVLW      12
0x0294	0x00D3      	MOVWF      FARG_Lcd_Out_column
0x0295	0x30BA      	MOVLW      _str
0x0296	0x00D4      	MOVWF      FARG_Lcd_Out_text
0x0297	0x2113      	CALL       _Lcd_Out
L_main6:
0x0298	0x3080      	MOVLW      128
0x0299	0x00F0      	MOVWF      R0
0x029A	0x3080      	MOVLW      128
0x029B	0x1283      	BCF        STATUS, 5
0x029C	0x0628      	XORWF      _sec+1, 0
0x029D	0x0270      	SUBWF      R0, 0
0x029E	0x1D03      	BTFSS      STATUS, 2
0x029F	0x2AA2      	GOTO       L__main20
0x02A0	0x0827      	MOVF       _sec, 0
0x02A1	0x3C09      	SUBLW      9
L__main20:
0x02A2	0x1803      	BTFSC      STATUS, 0
0x02A3	0x2AAC      	GOTO       L_main7
0x02A4	0x3002      	MOVLW      2
0x02A5	0x1683      	BSF        STATUS, 5
0x02A6	0x00D2      	MOVWF      FARG_Lcd_Out_row
0x02A7	0x300B      	MOVLW      11
0x02A8	0x00D3      	MOVWF      FARG_Lcd_Out_column
0x02A9	0x30BA      	MOVLW      _str
0x02AA	0x00D4      	MOVWF      FARG_Lcd_Out_text
0x02AB	0x2113      	CALL       _Lcd_Out
L_main7:
0x02AC	0x300B      	MOVLW      11
0x02AD	0x00FB      	MOVWF      R11
0x02AE	0x3026      	MOVLW      38
0x02AF	0x00FC      	MOVWF      R12
0x02B0	0x305D      	MOVLW      93
0x02B1	0x00FD      	MOVWF      R13
L_main8:
0x02B2	0x0BFD      	DECFSZ     R13, 1
0x02B3	0x2AB2      	GOTO       L_main8
0x02B4	0x0BFC      	DECFSZ     R12, 1
0x02B5	0x2AB2      	GOTO       L_main8
0x02B6	0x0BFB      	DECFSZ     R11, 1
0x02B7	0x2AB2      	GOTO       L_main8
0x02B8	0x0000      	NOP
0x02B9	0x0000      	NOP
0x02BA	0x1283      	BCF        STATUS, 5
0x02BB	0x0AA7      	INCF       _sec, 1
0x02BC	0x1903      	BTFSC      STATUS, 2
0x02BD	0x0AA8      	INCF       _sec+1, 1
0x02BE	0x3000      	MOVLW      0
0x02BF	0x0628      	XORWF      _sec+1, 0
0x02C0	0x1D03      	BTFSS      STATUS, 2
0x02C1	0x2AC4      	GOTO       L__main21
0x02C2	0x303C      	MOVLW      60
0x02C3	0x0627      	XORWF      _sec, 0
L__main21:
0x02C4	0x1D03      	BTFSS      STATUS, 2
0x02C5	0x2B5A      	GOTO       L_main9
0x02C6	0x0AA9      	INCF       _mn, 1
0x02C7	0x1903      	BTFSC      STATUS, 2
0x02C8	0x0AAA      	INCF       _mn+1, 1
0x02C9	0x01A7      	CLRF       _sec
0x02CA	0x01A8      	CLRF       _sec+1
0x02CB	0x3000      	MOVLW      0
0x02CC	0x062A      	XORWF      _mn+1, 0
0x02CD	0x1D03      	BTFSS      STATUS, 2
0x02CE	0x2AD1      	GOTO       L__main22
0x02CF	0x303C      	MOVLW      60
0x02D0	0x0629      	XORWF      _mn, 0
L__main22:
0x02D1	0x1D03      	BTFSS      STATUS, 2
0x02D2	0x2B1D      	GOTO       L_main10
0x02D3	0x0ACF      	INCF       _hr, 1
0x02D4	0x1903      	BTFSC      STATUS, 2
0x02D5	0x0AD0      	INCF       _hr+1, 1
0x02D6	0x01A7      	CLRF       _sec
0x02D7	0x01A8      	CLRF       _sec+1
0x02D8	0x01A9      	CLRF       _mn
0x02D9	0x01AA      	CLRF       _mn+1
0x02DA	0x084F      	MOVF       _hr, 0
0x02DB	0x1683      	BSF        STATUS, 5
0x02DC	0x00D2      	MOVWF      FARG_IntToStr_input
0x02DD	0x1283      	BCF        STATUS, 5
0x02DE	0x0850      	MOVF       _hr+1, 0
0x02DF	0x1683      	BSF        STATUS, 5
0x02E0	0x00D3      	MOVWF      FARG_IntToStr_input+1
0x02E1	0x30C2      	MOVLW      _str3
0x02E2	0x00D4      	MOVWF      FARG_IntToStr_output
0x02E3	0x2154      	CALL       _IntToStr
0x02E4	0x30C2      	MOVLW      _str3
0x02E5	0x00D2      	MOVWF      FARG_Ltrim_string
0x02E6	0x20E7      	CALL       _Ltrim
0x02E7	0x3002      	MOVLW      2
0x02E8	0x00D2      	MOVWF      FARG_Lcd_Out_row
0x02E9	0x300B      	MOVLW      11
0x02EA	0x00D3      	MOVWF      FARG_Lcd_Out_column
0x02EB	0x30A0      	MOVLW      ?lstr9_MyProject
0x02EC	0x00D4      	MOVWF      FARG_Lcd_Out_text
0x02ED	0x2113      	CALL       _Lcd_Out
0x02EE	0x3002      	MOVLW      2
0x02EF	0x00D2      	MOVWF      FARG_Lcd_Out_row
0x02F0	0x3008      	MOVLW      8
0x02F1	0x00D3      	MOVWF      FARG_Lcd_Out_column
0x02F2	0x306D      	MOVLW      ?lstr10_MyProject
0x02F3	0x00D4      	MOVWF      FARG_Lcd_Out_text
0x02F4	0x2113      	CALL       _Lcd_Out
0x02F5	0x3080      	MOVLW      128
0x02F6	0x00F0      	MOVWF      R0
0x02F7	0x3080      	MOVLW      128
0x02F8	0x1283      	BCF        STATUS, 5
0x02F9	0x0650      	XORWF      _hr+1, 0
0x02FA	0x0270      	SUBWF      R0, 0
0x02FB	0x1D03      	BTFSS      STATUS, 2
0x02FC	0x2AFF      	GOTO       L__main23
0x02FD	0x084F      	MOVF       _hr, 0
0x02FE	0x3C09      	SUBLW      9
L__main23:
0x02FF	0x1C03      	BTFSS      STATUS, 0
0x0300	0x2B09      	GOTO       L_main11
0x0301	0x3002      	MOVLW      2
0x0302	0x1683      	BSF        STATUS, 5
0x0303	0x00D2      	MOVWF      FARG_Lcd_Out_row
0x0304	0x3006      	MOVLW      6
0x0305	0x00D3      	MOVWF      FARG_Lcd_Out_column
0x0306	0x30C2      	MOVLW      _str3
0x0307	0x00D4      	MOVWF      FARG_Lcd_Out_text
0x0308	0x2113      	CALL       _Lcd_Out
L_main11:
0x0309	0x3080      	MOVLW      128
0x030A	0x00F0      	MOVWF      R0
0x030B	0x3080      	MOVLW      128
0x030C	0x1283      	BCF        STATUS, 5
0x030D	0x0650      	XORWF      _hr+1, 0
0x030E	0x0270      	SUBWF      R0, 0
0x030F	0x1D03      	BTFSS      STATUS, 2
0x0310	0x2B13      	GOTO       L__main24
0x0311	0x084F      	MOVF       _hr, 0
0x0312	0x3C09      	SUBLW      9
L__main24:
0x0313	0x1803      	BTFSC      STATUS, 0
0x0314	0x2B1D      	GOTO       L_main12
0x0315	0x3002      	MOVLW      2
0x0316	0x1683      	BSF        STATUS, 5
0x0317	0x00D2      	MOVWF      FARG_Lcd_Out_row
0x0318	0x3005      	MOVLW      5
0x0319	0x00D3      	MOVWF      FARG_Lcd_Out_column
0x031A	0x30C2      	MOVLW      _str3
0x031B	0x00D4      	MOVWF      FARG_Lcd_Out_text
0x031C	0x2113      	CALL       _Lcd_Out
L_main12:
L_main10:
0x031D	0x1283      	BCF        STATUS, 5
0x031E	0x0829      	MOVF       _mn, 0
0x031F	0x1683      	BSF        STATUS, 5
0x0320	0x00D2      	MOVWF      FARG_IntToStr_input
0x0321	0x1283      	BCF        STATUS, 5
0x0322	0x082A      	MOVF       _mn+1, 0
0x0323	0x1683      	BSF        STATUS, 5
0x0324	0x00D3      	MOVWF      FARG_IntToStr_input+1
0x0325	0x30C9      	MOVLW      _str2
0x0326	0x00D4      	MOVWF      FARG_IntToStr_output
0x0327	0x2154      	CALL       _IntToStr
0x0328	0x30C9      	MOVLW      _str2
0x0329	0x00D2      	MOVWF      FARG_Ltrim_string
0x032A	0x20E7      	CALL       _Ltrim
0x032B	0x3002      	MOVLW      2
0x032C	0x00D2      	MOVWF      FARG_Lcd_Out_row
0x032D	0x300B      	MOVLW      11
0x032E	0x00D3      	MOVWF      FARG_Lcd_Out_column
0x032F	0x30B7      	MOVLW      ?lstr11_MyProject
0x0330	0x00D4      	MOVWF      FARG_Lcd_Out_text
0x0331	0x2113      	CALL       _Lcd_Out
0x0332	0x3080      	MOVLW      128
0x0333	0x00F0      	MOVWF      R0
0x0334	0x3080      	MOVLW      128
0x0335	0x1283      	BCF        STATUS, 5
0x0336	0x062A      	XORWF      _mn+1, 0
0x0337	0x0270      	SUBWF      R0, 0
0x0338	0x1D03      	BTFSS      STATUS, 2
0x0339	0x2B3C      	GOTO       L__main25
0x033A	0x0829      	MOVF       _mn, 0
0x033B	0x3C09      	SUBLW      9
L__main25:
0x033C	0x1C03      	BTFSS      STATUS, 0
0x033D	0x2B46      	GOTO       L_main13
0x033E	0x3002      	MOVLW      2
0x033F	0x1683      	BSF        STATUS, 5
0x0340	0x00D2      	MOVWF      FARG_Lcd_Out_row
0x0341	0x3009      	MOVLW      9
0x0342	0x00D3      	MOVWF      FARG_Lcd_Out_column
0x0343	0x30C9      	MOVLW      _str2
0x0344	0x00D4      	MOVWF      FARG_Lcd_Out_text
0x0345	0x2113      	CALL       _Lcd_Out
L_main13:
0x0346	0x3080      	MOVLW      128
0x0347	0x00F0      	MOVWF      R0
0x0348	0x3080      	MOVLW      128
0x0349	0x1283      	BCF        STATUS, 5
0x034A	0x062A      	XORWF      _mn+1, 0
0x034B	0x0270      	SUBWF      R0, 0
0x034C	0x1D03      	BTFSS      STATUS, 2
0x034D	0x2B50      	GOTO       L__main26
0x034E	0x0829      	MOVF       _mn, 0
0x034F	0x3C09      	SUBLW      9
L__main26:
0x0350	0x1803      	BTFSC      STATUS, 0
0x0351	0x2B5A      	GOTO       L_main14
0x0352	0x3002      	MOVLW      2
0x0353	0x1683      	BSF        STATUS, 5
0x0354	0x00D2      	MOVWF      FARG_Lcd_Out_row
0x0355	0x3008      	MOVLW      8
0x0356	0x00D3      	MOVWF      FARG_Lcd_Out_column
0x0357	0x30C9      	MOVLW      _str2
0x0358	0x00D4      	MOVWF      FARG_Lcd_Out_text
0x0359	0x2113      	CALL       _Lcd_Out
L_main14:
L_main9:
0x035A	0x1283      	BCF        STATUS, 5
0x035B	0x1F08      	BTFSS      PORTD, 6
0x035C	0x2B68      	GOTO       L_main15
0x035D	0x3001      	MOVLW      1
0x035E	0x1683      	BSF        STATUS, 5
0x035F	0x00D2      	MOVWF      FARG_Lcd_Out_row
0x0360	0x3005      	MOVLW      5
0x0361	0x00D3      	MOVWF      FARG_Lcd_Out_column
0x0362	0x30AD      	MOVLW      ?lstr12_MyProject
0x0363	0x00D4      	MOVWF      FARG_Lcd_Out_text
0x0364	0x2113      	CALL       _Lcd_Out
0x0365	0x1283      	BCF        STATUS, 5
0x0366	0x01A0      	CLRF       _k
0x0367	0x01A1      	CLRF       _k+1
L_main15:
0x0368	0x1F88      	BTFSS      PORTD, 7
0x0369	0x2B8F      	GOTO       L_main16
0x036A	0x01A0      	CLRF       _k
0x036B	0x01A1      	CLRF       _k+1
0x036C	0x01A7      	CLRF       _sec
0x036D	0x01A8      	CLRF       _sec+1
0x036E	0x01A9      	CLRF       _mn
0x036F	0x01AA      	CLRF       _mn+1
0x0370	0x01CF      	CLRF       _hr
0x0371	0x01D0      	CLRF       _hr+1
0x0372	0x3001      	MOVLW      1
0x0373	0x1683      	BSF        STATUS, 5
0x0374	0x00D2      	MOVWF      FARG_Lcd_Out_row
0x0375	0x3005      	MOVLW      5
0x0376	0x00D3      	MOVWF      FARG_Lcd_Out_column
0x0377	0x30A3      	MOVLW      ?lstr13_MyProject
0x0378	0x00D4      	MOVWF      FARG_Lcd_Out_text
0x0379	0x2113      	CALL       _Lcd_Out
0x037A	0x3002      	MOVLW      2
0x037B	0x00D2      	MOVWF      FARG_Lcd_Out_row
0x037C	0x300B      	MOVLW      11
0x037D	0x00D3      	MOVWF      FARG_Lcd_Out_column
0x037E	0x306A      	MOVLW      ?lstr14_MyProject
0x037F	0x00D4      	MOVWF      FARG_Lcd_Out_text
0x0380	0x2113      	CALL       _Lcd_Out
0x0381	0x3002      	MOVLW      2
0x0382	0x00D2      	MOVWF      FARG_Lcd_Out_row
0x0383	0x300B      	MOVLW      11
0x0384	0x00D3      	MOVWF      FARG_Lcd_Out_column
0x0385	0x305E      	MOVLW      ?lstr15_MyProject
0x0386	0x00D4      	MOVWF      FARG_Lcd_Out_text
0x0387	0x2113      	CALL       _Lcd_Out
0x0388	0x3002      	MOVLW      2
0x0389	0x00D2      	MOVWF      FARG_Lcd_Out_row
0x038A	0x3008      	MOVLW      8
0x038B	0x00D3      	MOVWF      FARG_Lcd_Out_column
0x038C	0x305B      	MOVLW      ?lstr16_MyProject
0x038D	0x00D4      	MOVWF      FARG_Lcd_Out_text
0x038E	0x2113      	CALL       _Lcd_Out
L_main16:
0x038F	0x2A6B      	GOTO       L_main4
L_main5:
L_main3:
0x0390	0x1283      	BCF        STATUS, 5
0x0391	0x1F88      	BTFSS      PORTD, 7
0x0392	0x2BB8      	GOTO       L_main17
0x0393	0x01A0      	CLRF       _k
0x0394	0x01A1      	CLRF       _k+1
0x0395	0x01A7      	CLRF       _sec
0x0396	0x01A8      	CLRF       _sec+1
0x0397	0x01A9      	CLRF       _mn
0x0398	0x01AA      	CLRF       _mn+1
0x0399	0x01CF      	CLRF       _hr
0x039A	0x01D0      	CLRF       _hr+1
0x039B	0x3001      	MOVLW      1
0x039C	0x1683      	BSF        STATUS, 5
0x039D	0x00D2      	MOVWF      FARG_Lcd_Out_row
0x039E	0x3005      	MOVLW      5
0x039F	0x00D3      	MOVWF      FARG_Lcd_Out_column
0x03A0	0x3051      	MOVLW      ?lstr17_MyProject
0x03A1	0x00D4      	MOVWF      FARG_Lcd_Out_text
0x03A2	0x2113      	CALL       _Lcd_Out
0x03A3	0x3002      	MOVLW      2
0x03A4	0x00D2      	MOVWF      FARG_Lcd_Out_row
0x03A5	0x300B      	MOVLW      11
0x03A6	0x00D3      	MOVWF      FARG_Lcd_Out_column
0x03A7	0x3061      	MOVLW      ?lstr18_MyProject
0x03A8	0x00D4      	MOVWF      FARG_Lcd_Out_text
0x03A9	0x2113      	CALL       _Lcd_Out
0x03AA	0x3002      	MOVLW      2
0x03AB	0x00D2      	MOVWF      FARG_Lcd_Out_row
0x03AC	0x300B      	MOVLW      11
0x03AD	0x00D3      	MOVWF      FARG_Lcd_Out_column
0x03AE	0x3067      	MOVLW      ?lstr19_MyProject
0x03AF	0x00D4      	MOVWF      FARG_Lcd_Out_text
0x03B0	0x2113      	CALL       _Lcd_Out
0x03B1	0x3002      	MOVLW      2
0x03B2	0x00D2      	MOVWF      FARG_Lcd_Out_row
0x03B3	0x3008      	MOVLW      8
0x03B4	0x00D3      	MOVWF      FARG_Lcd_Out_column
0x03B5	0x3064      	MOVLW      ?lstr20_MyProject
0x03B6	0x00D4      	MOVWF      FARG_Lcd_Out_text
0x03B7	0x2113      	CALL       _Lcd_Out
L_main17:
0x03B8	0x2A64      	GOTO       L_main1
L_end_main:
0x03B9	0x2BB9      	GOTO       $+0
; end of _main
0x042A	0x3020      	MOVLW      32
0x042B	0x0084      	MOVWF      FSR
0x042C	0x3050      	MOVLW      80
0x042D	0x1283      	BCF        STATUS, 5
0x042E	0x1303      	BCF        STATUS, 6
0x042F	0x00F0      	MOVWF      R0
0x0430	0x30BF      	MOVLW      191
0x0431	0x1683      	BSF        STATUS, 5
0x0432	0x00D0      	MOVWF      ___DoICPAddr
0x0433	0x3003      	MOVLW      3
0x0434	0x00D1      	MOVWF      209
0x0435	0x220D      	CALL       525
0x0436	0x30A0      	MOVLW      160
0x0437	0x0084      	MOVWF      FSR
0x0438	0x301A      	MOVLW      26
0x0439	0x1283      	BCF        STATUS, 5
0x043A	0x00F0      	MOVWF      R0
0x043B	0x300F      	MOVLW      15
0x043C	0x1683      	BSF        STATUS, 5
0x043D	0x00D0      	MOVWF      ___DoICPAddr
0x043E	0x3004      	MOVLW      4
0x043F	0x00D1      	MOVWF      209
0x0440	0x220D      	CALL       525
0x0441	0x0008      	RETURN
;MyProject.c,0 :: ?ICS_k
0x03BF	0x3401 ;?ICS_k+0
0x03C0	0x3400 ;?ICS_k+1
; end of ?ICS_k
;MyProject.c,0 :: ?ICS?lstr7_MyProject
0x03C1	0x3430 ;?ICS?lstr7_MyProject+0
0x03C2	0x3430 ;?ICS?lstr7_MyProject+1
0x03C3	0x3400 ;?ICS?lstr7_MyProject+2
; end of ?ICS?lstr7_MyProject
;MyProject.c,0 :: ?ICS?lstr6_MyProject
0x03C4	0x343A ;?ICS?lstr6_MyProject+0
0x03C5	0x3400 ;?ICS?lstr6_MyProject+1
; end of ?ICS?lstr6_MyProject
;MyProject.c,0 :: ?ICS_sec
0x03C6	0x3400 ;?ICS_sec+0
0x03C7	0x3400 ;?ICS_sec+1
; end of ?ICS_sec
;MyProject.c,0 :: ?ICS_mn
0x03C8	0x3400 ;?ICS_mn+0
0x03C9	0x3400 ;?ICS_mn+1
; end of ?ICS_mn
;MyProject.c,0 :: ?ICS?lstr8_MyProject
0x03CA	0x3452 ;?ICS?lstr8_MyProject+0
0x03CB	0x3475 ;?ICS?lstr8_MyProject+1
0x03CC	0x346E ;?ICS?lstr8_MyProject+2
0x03CD	0x346E ;?ICS?lstr8_MyProject+3
0x03CE	0x3469 ;?ICS?lstr8_MyProject+4
0x03CF	0x346E ;?ICS?lstr8_MyProject+5
0x03D0	0x3467 ;?ICS?lstr8_MyProject+6
0x03D1	0x342E ;?ICS?lstr8_MyProject+7
0x03D2	0x342E ;?ICS?lstr8_MyProject+8
0x03D3	0x3400 ;?ICS?lstr8_MyProject+9
; end of ?ICS?lstr8_MyProject
;MyProject.c,0 :: ?ICS?lstr5_MyProject
0x03D4	0x3430 ;?ICS?lstr5_MyProject+0
0x03D5	0x3430 ;?ICS?lstr5_MyProject+1
0x03D6	0x3400 ;?ICS?lstr5_MyProject+2
; end of ?ICS?lstr5_MyProject
;MyProject.c,0 :: ?ICS?lstr1_MyProject
0x03D7	0x3477 ;?ICS?lstr1_MyProject+0
0x03D8	0x3465 ;?ICS?lstr1_MyProject+1
0x03D9	0x346C ;?ICS?lstr1_MyProject+2
0x03DA	0x3463 ;?ICS?lstr1_MyProject+3
0x03DB	0x346F ;?ICS?lstr1_MyProject+4
0x03DC	0x346D ;?ICS?lstr1_MyProject+5
0x03DD	0x3465 ;?ICS?lstr1_MyProject+6
0x03DE	0x3400 ;?ICS?lstr1_MyProject+7
; end of ?ICS?lstr1_MyProject
;MyProject.c,0 :: ?ICS?lstr4_MyProject
0x03DF	0x343A ;?ICS?lstr4_MyProject+0
0x03E0	0x3400 ;?ICS?lstr4_MyProject+1
; end of ?ICS?lstr4_MyProject
;MyProject.c,0 :: ?ICS?lstr3_MyProject
0x03E1	0x3430 ;?ICS?lstr3_MyProject+0
0x03E2	0x3430 ;?ICS?lstr3_MyProject+1
0x03E3	0x3400 ;?ICS?lstr3_MyProject+2
; end of ?ICS?lstr3_MyProject
;MyProject.c,0 :: ?ICS?lstr2_MyProject
0x03E4	0x3453 ;?ICS?lstr2_MyProject+0
0x03E5	0x3474 ;?ICS?lstr2_MyProject+1
0x03E6	0x346F ;?ICS?lstr2_MyProject+2
0x03E7	0x3470 ;?ICS?lstr2_MyProject+3
0x03E8	0x3477 ;?ICS?lstr2_MyProject+4
0x03E9	0x3461 ;?ICS?lstr2_MyProject+5
0x03EA	0x3474 ;?ICS?lstr2_MyProject+6
0x03EB	0x3463 ;?ICS?lstr2_MyProject+7
0x03EC	0x3468 ;?ICS?lstr2_MyProject+8
0x03ED	0x3400 ;?ICS?lstr2_MyProject+9
; end of ?ICS?lstr2_MyProject
;MyProject.c,0 :: ?ICS_hr
0x03EE	0x3400 ;?ICS_hr+0
0x03EF	0x3400 ;?ICS_hr+1
; end of ?ICS_hr
;MyProject.c,0 :: ?ICS?lstr17_MyProject
0x03F0	0x3453 ;?ICS?lstr17_MyProject+0
0x03F1	0x3474 ;?ICS?lstr17_MyProject+1
0x03F2	0x3461 ;?ICS?lstr17_MyProject+2
0x03F3	0x3472 ;?ICS?lstr17_MyProject+3
0x03F4	0x3474 ;?ICS?lstr17_MyProject+4
0x03F5	0x343F ;?ICS?lstr17_MyProject+5
0x03F6	0x3420 ;?ICS?lstr17_MyProject+6
0x03F7	0x3420 ;?ICS?lstr17_MyProject+7
0x03F8	0x3420 ;?ICS?lstr17_MyProject+8
0x03F9	0x3400 ;?ICS?lstr17_MyProject+9
; end of ?ICS?lstr17_MyProject
;MyProject.c,0 :: ?ICS?lstr16_MyProject
0x03FA	0x3430 ;?ICS?lstr16_MyProject+0
0x03FB	0x3430 ;?ICS?lstr16_MyProject+1
0x03FC	0x3400 ;?ICS?lstr16_MyProject+2
; end of ?ICS?lstr16_MyProject
;MyProject.c,0 :: ?ICS?lstr15_MyProject
0x03FD	0x3430 ;?ICS?lstr15_MyProject+0
0x03FE	0x3430 ;?ICS?lstr15_MyProject+1
0x03FF	0x3400 ;?ICS?lstr15_MyProject+2
; end of ?ICS?lstr15_MyProject
;MyProject.c,0 :: ?ICS?lstr18_MyProject
0x0400	0x3430 ;?ICS?lstr18_MyProject+0
0x0401	0x3430 ;?ICS?lstr18_MyProject+1
0x0402	0x3400 ;?ICS?lstr18_MyProject+2
; end of ?ICS?lstr18_MyProject
;MyProject.c,0 :: ?ICS?lstr20_MyProject
0x0403	0x3430 ;?ICS?lstr20_MyProject+0
0x0404	0x3430 ;?ICS?lstr20_MyProject+1
0x0405	0x3400 ;?ICS?lstr20_MyProject+2
; end of ?ICS?lstr20_MyProject
;MyProject.c,0 :: ?ICS?lstr19_MyProject
0x0406	0x3430 ;?ICS?lstr19_MyProject+0
0x0407	0x3430 ;?ICS?lstr19_MyProject+1
0x0408	0x3400 ;?ICS?lstr19_MyProject+2
; end of ?ICS?lstr19_MyProject
;MyProject.c,0 :: ?ICS?lstr14_MyProject
0x0409	0x3430 ;?ICS?lstr14_MyProject+0
0x040A	0x3430 ;?ICS?lstr14_MyProject+1
0x040B	0x3400 ;?ICS?lstr14_MyProject+2
; end of ?ICS?lstr14_MyProject
;MyProject.c,0 :: ?ICS?lstr10_MyProject
0x040C	0x3430 ;?ICS?lstr10_MyProject+0
0x040D	0x3430 ;?ICS?lstr10_MyProject+1
0x040E	0x3400 ;?ICS?lstr10_MyProject+2
; end of ?ICS?lstr10_MyProject
;MyProject.c,0 :: ?ICS?lstr9_MyProject
0x040F	0x3430 ;?ICS?lstr9_MyProject+0
0x0410	0x3430 ;?ICS?lstr9_MyProject+1
0x0411	0x3400 ;?ICS?lstr9_MyProject+2
; end of ?ICS?lstr9_MyProject
;MyProject.c,0 :: ?ICS?lstr13_MyProject
0x0412	0x3453 ;?ICS?lstr13_MyProject+0
0x0413	0x3474 ;?ICS?lstr13_MyProject+1
0x0414	0x3461 ;?ICS?lstr13_MyProject+2
0x0415	0x3472 ;?ICS?lstr13_MyProject+3
0x0416	0x3474 ;?ICS?lstr13_MyProject+4
0x0417	0x343F ;?ICS?lstr13_MyProject+5
0x0418	0x3420 ;?ICS?lstr13_MyProject+6
0x0419	0x3420 ;?ICS?lstr13_MyProject+7
0x041A	0x3420 ;?ICS?lstr13_MyProject+8
0x041B	0x3400 ;?ICS?lstr13_MyProject+9
; end of ?ICS?lstr13_MyProject
;MyProject.c,0 :: ?ICS?lstr12_MyProject
0x041C	0x3470 ;?ICS?lstr12_MyProject+0
0x041D	0x3461 ;?ICS?lstr12_MyProject+1
0x041E	0x3475 ;?ICS?lstr12_MyProject+2
0x041F	0x3473 ;?ICS?lstr12_MyProject+3
0x0420	0x3465 ;?ICS?lstr12_MyProject+4
0x0421	0x3464 ;?ICS?lstr12_MyProject+5
0x0422	0x3420 ;?ICS?lstr12_MyProject+6
0x0423	0x3420 ;?ICS?lstr12_MyProject+7
0x0424	0x3420 ;?ICS?lstr12_MyProject+8
0x0425	0x3400 ;?ICS?lstr12_MyProject+9
; end of ?ICS?lstr12_MyProject
;MyProject.c,0 :: ?ICS?lstr11_MyProject
0x0426	0x3430 ;?ICS?lstr11_MyProject+0
0x0427	0x3430 ;?ICS?lstr11_MyProject+1
0x0428	0x3400 ;?ICS?lstr11_MyProject+2
; end of ?ICS?lstr11_MyProject
Symbol List:
//** Routines locations **
//ADDRESS    SIZE    PROCEDURE
//----------------------------------------------
0x0003       [3]    _Delay_1us
0x0006       [7]    _Delay_50us
0x000D      [13]    _Delay_5500us
0x001A      [29]    _Div_16X16_U
0x0037      [94]    _Lcd_Cmd
0x0095       [7]    _____DoICP
0x009C      [66]    _WordToStr
0x00DE       [9]    _Lcd_Chr_CP
0x00E7      [44]    _Ltrim
0x0113      [65]    _Lcd_Out
0x0154     [106]    _IntToStr
0x01BE      [79]    _Lcd_Init
0x020D      [12]    ___CC2DW
0x0219     [416]    _main
//** Variables locations ** 
//ADDRESS    SIZE    VARIABLE
//----------------------------------------------
0x0000       [1]    INDF
0x0002       [1]    PCL
0x0003       [1]    STATUS
0x0004       [1]    FSR
0x0007       [0]    LCD_D5
0x0007       [0]    RC2_bit
0x0007       [0]    RC4_bit
0x0007       [0]    LCD_RS
0x0007       [0]    LCD_D6
0x0007       [0]    LCD_D4
0x0007       [0]    RC3_bit
0x0007       [0]    RC6_bit
0x0007       [0]    RC7_bit
0x0007       [0]    LCD_D7
0x0007       [0]    RC5_bit
0x0007       [0]    LCD_EN
0x0008       [1]    PORTD
0x000A       [1]    PCLATH
0x0020       [2]    _k
0x0022       [3]    ?lstr7_MyProject
0x0025       [2]    ?lstr6_MyProject
0x0027       [2]    _sec
0x0029       [2]    _mn
0x002B      [10]    ?lstr8_MyProject
0x0035       [3]    ?lstr5_MyProject
0x0038       [8]    ?lstr1_MyProject
0x0040       [2]    ?lstr4_MyProject
0x0042       [3]    ?lstr3_MyProject
0x0045      [10]    ?lstr2_MyProject
0x004F       [2]    _hr
0x0051      [10]    ?lstr17_MyProject
0x005B       [3]    ?lstr16_MyProject
0x005E       [3]    ?lstr15_MyProject
0x0061       [3]    ?lstr18_MyProject
0x0064       [3]    ?lstr20_MyProject
0x0067       [3]    ?lstr19_MyProject
0x006A       [3]    ?lstr14_MyProject
0x006D       [3]    ?lstr10_MyProject
0x0070       [1]    R0
0x0071       [1]    R1
0x0072       [1]    R2
0x0073       [1]    R3
0x0074       [1]    R4
0x0075       [1]    R5
0x0076       [1]    R6
0x0077       [1]    R7
0x0078       [1]    R8
0x0079       [1]    R9
0x007A       [1]    R10
0x007B       [1]    R11
0x007C       [1]    R12
0x007D       [1]    R13
0x007E       [1]    R14
0x007F       [1]    R15
0x0087       [0]    TRISC3_bit
0x0087       [0]    LCD_D7_Direction
0x0087       [0]    TRISC4_bit
0x0087       [0]    TRISC5_bit
0x0087       [0]    TRISC6_bit
0x0087       [0]    TRISC7_bit
0x0087       [0]    LCD_D4_Direction
0x0087       [0]    LCD_EN_Direction
0x0087       [0]    LCD_RS_Direction
0x0087       [0]    LCD_D5_Direction
0x0087       [0]    TRISC2_bit
0x0087       [0]    LCD_D6_Direction
0x0088       [1]    TRISD
0x00A0       [3]    ?lstr9_MyProject
0x00A3      [10]    ?lstr13_MyProject
0x00AD      [10]    ?lstr12_MyProject
0x00B7       [3]    ?lstr11_MyProject
0x00BA       [7]    _str
0x00C1       [0]    __Lib_Lcd_cmd_status
0x00C2       [7]    _str3
0x00C9       [7]    _str2
0x00D0       [2]    ___DoICPAddr
0x00D2       [2]    FARG_IntToStr_input
0x00D2       [1]    FARG_Ltrim_string
0x00D2       [1]    FARG_Lcd_Out_row
0x00D3       [1]    FARG_Lcd_Out_column
0x00D3       [2]    Ltrim_trimmed_L0
0x00D4       [1]    FARG_IntToStr_output
0x00D4       [1]    FARG_Lcd_Out_text
0x00D5       [2]    IntToStr_i_L0
0x00D5       [1]    Lcd_Out_i_L0
0x00D7       [2]    IntToStr_negative_L0
0x00D9       [2]    IntToStr_inword_L0
0x00DB       [1]    FARG_Lcd_Chr_CP_out_char
0x00DB       [2]    FARG_WordToStr_input
0x00DD       [1]    FARG_WordToStr_output
0x00DE       [1]    WordToStr_len_L0
0x00DF       [1]    FLOC__WordToStr
0x00E0       [1]    FARG_Lcd_Cmd_out_char
//** Constants locations ** 
//ADDRESS    SIZE    CONSTANT
//----------------------------------------------
0x03BF       [2]    ?ICS_k
0x03C1       [3]    ?ICS?lstr7_MyProject
0x03C4       [2]    ?ICS?lstr6_MyProject
0x03C6       [2]    ?ICS_sec
0x03C8       [2]    ?ICS_mn
0x03CA      [10]    ?ICS?lstr8_MyProject
0x03D4       [3]    ?ICS?lstr5_MyProject
0x03D7       [8]    ?ICS?lstr1_MyProject
0x03DF       [2]    ?ICS?lstr4_MyProject
0x03E1       [3]    ?ICS?lstr3_MyProject
0x03E4      [10]    ?ICS?lstr2_MyProject
0x03EE       [2]    ?ICS_hr
0x03F0      [10]    ?ICS?lstr17_MyProject
0x03FA       [3]    ?ICS?lstr16_MyProject
0x03FD       [3]    ?ICS?lstr15_MyProject
0x0400       [3]    ?ICS?lstr18_MyProject
0x0403       [3]    ?ICS?lstr20_MyProject
0x0406       [3]    ?ICS?lstr19_MyProject
0x0409       [3]    ?ICS?lstr14_MyProject
0x040C       [3]    ?ICS?lstr10_MyProject
0x040F       [3]    ?ICS?lstr9_MyProject
0x0412      [10]    ?ICS?lstr13_MyProject
0x041C      [10]    ?ICS?lstr12_MyProject
0x0426       [3]    ?ICS?lstr11_MyProject
